{"/Users/newin/Desktop/homeCoding/test-code-TIL/practice/src/03/02/index.ts": {"path":"/Users/newin/Desktop/homeCoding/test-code-TIL/practice/src/03/02/index.ts","statementMap":{"0":{"start":{"line":1,"column":0},"end":{"line":1,"column":7}},"1":{"start":{"line":2,"column":2},"end":{"line":2,"column":null}},"2":{"start":{"line":6,"column":2},"end":{"line":6,"column":null}}},"fnMap":{"0":{"name":"(anonymous_4)","decl":{"start":{"line":1,"column":0},"end":{"line":1,"column":7}},"loc":{"start":{"line":1,"column":0},"end":{"line":1,"column":7}}},"1":{"name":"add","decl":{"start":{"line":1,"column":16},"end":{"line":1,"column":20}},"loc":{"start":{"line":1,"column":42},"end":{"line":3,"column":null}}},"2":{"name":"sub","decl":{"start":{"line":5,"column":16},"end":{"line":5,"column":20}},"loc":{"start":{"line":5,"column":42},"end":{"line":7,"column":null}}}},"branchMap":{},"s":{"0":7,"1":2,"2":2},"f":{"0":4,"1":2,"2":2},"b":{}}
,"/Users/newin/Desktop/homeCoding/test-code-TIL/practice/src/03/04/index.ts": {"path":"/Users/newin/Desktop/homeCoding/test-code-TIL/practice/src/03/04/index.ts","statementMap":{"0":{"start":{"line":1,"column":0},"end":{"line":1,"column":null}},"1":{"start":{"line":8,"column":14},"end":{"line":8,"column":null}},"2":{"start":{"line":9,"column":2},"end":{"line":11,"column":null}},"3":{"start":{"line":10,"column":4},"end":{"line":10,"column":null}},"4":{"start":{"line":12,"column":2},"end":{"line":12,"column":null}},"5":{"start":{"line":16,"column":14},"end":{"line":16,"column":null}},"6":{"start":{"line":17,"column":2},"end":{"line":19,"column":null}},"7":{"start":{"line":18,"column":4},"end":{"line":18,"column":null}},"8":{"start":{"line":20,"column":2},"end":{"line":20,"column":null}}},"fnMap":{"0":{"name":"(anonymous_4)","decl":{"start":{"line":1,"column":0},"end":{"line":1,"column":null}},"loc":{"start":{"line":1,"column":0},"end":{"line":1,"column":null}}},"1":{"name":"add","decl":{"start":{"line":7,"column":16},"end":{"line":7,"column":20}},"loc":{"start":{"line":7,"column":42},"end":{"line":13,"column":null}}},"2":{"name":"sub","decl":{"start":{"line":15,"column":16},"end":{"line":15,"column":20}},"loc":{"start":{"line":15,"column":42},"end":{"line":21,"column":null}}}},"branchMap":{"0":{"loc":{"start":{"line":9,"column":2},"end":{"line":11,"column":null}},"type":"if","locations":[{"start":{"line":9,"column":2},"end":{"line":11,"column":null}}]},"1":{"loc":{"start":{"line":17,"column":2},"end":{"line":19,"column":null}},"type":"if","locations":[{"start":{"line":17,"column":2},"end":{"line":19,"column":null}}]}},"s":{"0":7,"1":2,"2":2,"3":1,"4":1,"5":2,"6":2,"7":1,"8":1},"f":{"0":4,"1":2,"2":2},"b":{"0":[1],"1":[1]}}
,"/Users/newin/Desktop/homeCoding/test-code-TIL/practice/src/03/05/index.ts": {"path":"/Users/newin/Desktop/homeCoding/test-code-TIL/practice/src/03/05/index.ts","statementMap":{"0":{"start":{"line":1,"column":0},"end":{"line":1,"column":null}},"1":{"start":{"line":43,"column":2},"end":{"line":45,"column":null}},"2":{"start":{"line":44,"column":4},"end":{"line":44,"column":null}},"3":{"start":{"line":49,"column":2},"end":{"line":49,"column":null}},"4":{"start":{"line":50,"column":2},"end":{"line":50,"column":null}},"5":{"start":{"line":51,"column":14},"end":{"line":51,"column":null}},"6":{"start":{"line":52,"column":2},"end":{"line":54,"column":null}},"7":{"start":{"line":53,"column":4},"end":{"line":53,"column":null}},"8":{"start":{"line":55,"column":2},"end":{"line":55,"column":null}},"9":{"start":{"line":59,"column":2},"end":{"line":59,"column":null}},"10":{"start":{"line":60,"column":2},"end":{"line":60,"column":null}},"11":{"start":{"line":61,"column":14},"end":{"line":61,"column":null}},"12":{"start":{"line":62,"column":2},"end":{"line":64,"column":null}},"13":{"start":{"line":63,"column":4},"end":{"line":63,"column":null}},"14":{"start":{"line":65,"column":2},"end":{"line":65,"column":null}}},"fnMap":{"0":{"name":"(anonymous_4)","decl":{"start":{"line":1,"column":0},"end":{"line":1,"column":null}},"loc":{"start":{"line":1,"column":0},"end":{"line":1,"column":null}}},"1":{"name":"checkRange","decl":{"start":{"line":42,"column":9},"end":{"line":42,"column":20}},"loc":{"start":{"line":42,"column":35},"end":{"line":46,"column":null}}},"2":{"name":"add","decl":{"start":{"line":48,"column":16},"end":{"line":48,"column":20}},"loc":{"start":{"line":48,"column":42},"end":{"line":56,"column":null}}},"3":{"name":"sub","decl":{"start":{"line":58,"column":16},"end":{"line":58,"column":20}},"loc":{"start":{"line":58,"column":42},"end":{"line":66,"column":null}}}},"branchMap":{"0":{"loc":{"start":{"line":43,"column":2},"end":{"line":45,"column":null}},"type":"if","locations":[{"start":{"line":43,"column":2},"end":{"line":45,"column":null}}]},"1":{"loc":{"start":{"line":43,"column":6},"end":{"line":43,"column":32}},"type":"binary-expr","locations":[{"start":{"line":43,"column":6},"end":{"line":43,"column":19}},{"start":{"line":43,"column":19},"end":{"line":43,"column":32}}]},"2":{"loc":{"start":{"line":52,"column":2},"end":{"line":54,"column":null}},"type":"if","locations":[{"start":{"line":52,"column":2},"end":{"line":54,"column":null}}]},"3":{"loc":{"start":{"line":62,"column":2},"end":{"line":64,"column":null}},"type":"if","locations":[{"start":{"line":62,"column":2},"end":{"line":64,"column":null}}]}},"s":{"0":15,"1":16,"2":6,"3":5,"4":3,"5":2,"6":2,"7":1,"8":1,"9":5,"10":3,"11":2,"12":2,"13":1,"14":1},"f":{"0":12,"1":16,"2":5,"3":5},"b":{"0":[6],"1":[16,10],"2":[1],"3":[1]}}
,"/Users/newin/Desktop/homeCoding/test-code-TIL/practice/src/03/07/index.ts": {"path":"/Users/newin/Desktop/homeCoding/test-code-TIL/practice/src/03/07/index.ts","statementMap":{"0":{"start":{"line":1,"column":0},"end":{"line":1,"column":7}},"1":{"start":{"line":2,"column":2},"end":{"line":6,"column":null}},"2":{"start":{"line":3,"column":4},"end":{"line":5,"column":null}},"3":{"start":{"line":4,"column":6},"end":{"line":4,"column":null}},"4":{"start":{"line":10,"column":2},"end":{"line":14,"column":null}},"5":{"start":{"line":11,"column":4},"end":{"line":13,"column":null}},"6":{"start":{"line":12,"column":6},"end":{"line":12,"column":null}}},"fnMap":{"0":{"name":"(anonymous_4)","decl":{"start":{"line":1,"column":0},"end":{"line":1,"column":7}},"loc":{"start":{"line":1,"column":0},"end":{"line":1,"column":7}}},"1":{"name":"wait","decl":{"start":{"line":1,"column":16},"end":{"line":1,"column":21}},"loc":{"start":{"line":1,"column":39},"end":{"line":7,"column":null}}},"2":{"name":"(anonymous_7)","decl":{"start":{"line":2,"column":21},"end":{"line":2,"column":22}},"loc":{"start":{"line":2,"column":34},"end":{"line":6,"column":3}}},"3":{"name":"(anonymous_8)","decl":{"start":{"line":3,"column":15},"end":{"line":3,"column":21}},"loc":{"start":{"line":3,"column":21},"end":{"line":5,"column":7}}},"4":{"name":"timeout","decl":{"start":{"line":9,"column":16},"end":{"line":9,"column":24}},"loc":{"start":{"line":9,"column":42},"end":{"line":15,"column":null}}},"5":{"name":"(anonymous_10)","decl":{"start":{"line":10,"column":21},"end":{"line":10,"column":22}},"loc":{"start":{"line":10,"column":36},"end":{"line":14,"column":3}}},"6":{"name":"(anonymous_11)","decl":{"start":{"line":11,"column":15},"end":{"line":11,"column":21}},"loc":{"start":{"line":11,"column":21},"end":{"line":13,"column":7}}}},"branchMap":{},"s":{"0":12,"1":5,"2":5,"3":4,"4":4,"5":4,"6":4},"f":{"0":9,"1":5,"2":5,"3":4,"4":4,"5":4,"6":4},"b":{}}
,"/Users/newin/Desktop/homeCoding/test-code-TIL/practice/src/04/02/greet.ts": {"path":"/Users/newin/Desktop/homeCoding/test-code-TIL/practice/src/04/02/greet.ts","statementMap":{"0":{"start":{"line":1,"column":0},"end":{"line":1,"column":7}},"1":{"start":{"line":2,"column":2},"end":{"line":2,"column":null}},"2":{"start":{"line":6,"column":2},"end":{"line":6,"column":null}}},"fnMap":{"0":{"name":"(anonymous_4)","decl":{"start":{"line":1,"column":0},"end":{"line":1,"column":7}},"loc":{"start":{"line":1,"column":0},"end":{"line":1,"column":7}}},"1":{"name":"greet","decl":{"start":{"line":1,"column":16},"end":{"line":1,"column":22}},"loc":{"start":{"line":1,"column":36},"end":{"line":3,"column":null}}},"2":{"name":"sayGoodBye","decl":{"start":{"line":5,"column":16},"end":{"line":5,"column":27}},"loc":{"start":{"line":5,"column":41},"end":{"line":7,"column":null}}}},"branchMap":{},"s":{"0":14,"1":2,"2":0},"f":{"0":5,"1":2,"2":0},"b":{}}
,"/Users/newin/Desktop/homeCoding/test-code-TIL/practice/src/04/03/index.ts": {"path":"/Users/newin/Desktop/homeCoding/test-code-TIL/practice/src/04/03/index.ts","statementMap":{"0":{"start":{"line":1,"column":0},"end":{"line":1,"column":29}},"1":{"start":{"line":1,"column":29},"end":{"line":1,"column":null}},"2":{"start":{"line":49,"column":15},"end":{"line":49,"column":null}},"3":{"start":{"line":51,"column":2},"end":{"line":53,"column":null}},"4":{"start":{"line":52,"column":4},"end":{"line":52,"column":null}},"5":{"start":{"line":54,"column":2},"end":{"line":54,"column":null}}},"fnMap":{"0":{"name":"(anonymous_4)","decl":{"start":{"line":1,"column":0},"end":{"line":1,"column":29}},"loc":{"start":{"line":1,"column":0},"end":{"line":1,"column":29}}},"1":{"name":"getGreet","decl":{"start":{"line":47,"column":22},"end":{"line":47,"column":33}},"loc":{"start":{"line":47,"column":33},"end":{"line":55,"column":null}}}},"branchMap":{"0":{"loc":{"start":{"line":51,"column":2},"end":{"line":53,"column":null}},"type":"if","locations":[{"start":{"line":51,"column":2},"end":{"line":53,"column":null}}]}},"s":{"0":7,"1":1,"2":4,"3":2,"4":1,"5":1},"f":{"0":4,"1":4},"b":{"0":[1]}}
,"/Users/newin/Desktop/homeCoding/test-code-TIL/practice/src/04/04/index.ts": {"path":"/Users/newin/Desktop/homeCoding/test-code-TIL/practice/src/04/04/index.ts","statementMap":{"0":{"start":{"line":1,"column":0},"end":{"line":1,"column":30}},"1":{"start":{"line":1,"column":30},"end":{"line":1,"column":null}},"2":{"start":{"line":5,"column":15},"end":{"line":5,"column":null}},"3":{"start":{"line":7,"column":19},"end":{"line":9,"column":null}},"4":{"start":{"line":8,"column":4},"end":{"line":8,"column":null}},"5":{"start":{"line":10,"column":2},"end":{"line":13,"column":null}},"6":{"start":{"line":12,"column":4},"end":{"line":12,"column":null}},"7":{"start":{"line":15,"column":2},"end":{"line":18,"column":null}},"8":{"start":{"line":15,"column":36},"end":{"line":18,"column":4}}},"fnMap":{"0":{"name":"(anonymous_4)","decl":{"start":{"line":1,"column":0},"end":{"line":1,"column":30}},"loc":{"start":{"line":1,"column":0},"end":{"line":1,"column":30}}},"1":{"name":"getMyArticleLinksByCategory","decl":{"start":{"line":3,"column":22},"end":{"line":3,"column":50}},"loc":{"start":{"line":3,"column":68},"end":{"line":19,"column":null}}},"2":{"name":"(anonymous_6)","decl":{"start":{"line":7,"column":40},"end":{"line":7,"column":41}},"loc":{"start":{"line":8,"column":4},"end":{"line":8,"column":null}}},"3":{"name":"(anonymous_7)","decl":{"start":{"line":15,"column":22},"end":{"line":15,"column":23}},"loc":{"start":{"line":15,"column":36},"end":{"line":18,"column":4}}}},"branchMap":{"0":{"loc":{"start":{"line":10,"column":2},"end":{"line":13,"column":null}},"type":"if","locations":[{"start":{"line":10,"column":2},"end":{"line":13,"column":null}}]}},"s":{"0":6,"1":1,"2":3,"3":2,"4":6,"5":2,"6":1,"7":1,"8":2},"f":{"0":3,"1":3,"2":6,"3":2},"b":{"0":[1]}}
,"/Users/newin/Desktop/homeCoding/test-code-TIL/practice/src/04/05/checkConfig.ts": {"path":"/Users/newin/Desktop/homeCoding/test-code-TIL/practice/src/04/05/checkConfig.ts","statementMap":{"0":{"start":{"line":1,"column":0},"end":{"line":1,"column":6}},"1":{"start":{"line":1,"column":15},"end":{"line":4,"column":null}},"2":{"start":{"line":7,"column":2},"end":{"line":7,"column":null}}},"fnMap":{"0":{"name":"(anonymous_4)","decl":{"start":{"line":1,"column":0},"end":{"line":1,"column":6}},"loc":{"start":{"line":1,"column":0},"end":{"line":1,"column":6}}},"1":{"name":"checkConfig","decl":{"start":{"line":6,"column":16},"end":{"line":6,"column":28}},"loc":{"start":{"line":6,"column":66},"end":{"line":8,"column":null}}}},"branchMap":{"0":{"loc":{"start":{"line":7,"column":2},"end":{"line":7,"column":null}},"type":"cond-expr","locations":[{"start":{"line":7,"column":2},"end":{"line":7,"column":13}},{"start":{"line":7,"column":2},"end":{"line":7,"column":null}}]}},"s":{"0":5,"1":1,"2":2},"f":{"0":2,"1":2},"b":{"0":[0,2]}}
,"/Users/newin/Desktop/homeCoding/test-code-TIL/practice/src/04/05/greet.ts": {"path":"/Users/newin/Desktop/homeCoding/test-code-TIL/practice/src/04/05/greet.ts","statementMap":{"0":{"start":{"line":1,"column":0},"end":{"line":1,"column":7}},"1":{"start":{"line":2,"column":2},"end":{"line":2,"column":null}}},"fnMap":{"0":{"name":"(anonymous_4)","decl":{"start":{"line":1,"column":0},"end":{"line":1,"column":7}},"loc":{"start":{"line":1,"column":0},"end":{"line":1,"column":7}}},"1":{"name":"greet","decl":{"start":{"line":1,"column":16},"end":{"line":1,"column":22}},"loc":{"start":{"line":1,"column":74},"end":{"line":3,"column":null}}}},"branchMap":{"0":{"loc":{"start":{"line":2,"column":2},"end":{"line":2,"column":null}},"type":"cond-expr","locations":[{"start":{"line":2,"column":2},"end":{"line":2,"column":13}},{"start":{"line":2,"column":2},"end":{"line":2,"column":null}}]}},"s":{"0":4,"1":1},"f":{"0":1,"1":1},"b":{"0":[0,1]}}
,"/Users/newin/Desktop/homeCoding/test-code-TIL/practice/src/04/06/index.ts": {"path":"/Users/newin/Desktop/homeCoding/test-code-TIL/practice/src/04/06/index.ts","statementMap":{"0":{"start":{"line":1,"column":0},"end":{"line":1,"column":7}},"1":{"start":{"line":4,"column":2},"end":{"line":6,"column":null}},"2":{"start":{"line":5,"column":4},"end":{"line":5,"column":null}}},"fnMap":{"0":{"name":"(anonymous_4)","decl":{"start":{"line":1,"column":0},"end":{"line":1,"column":7}},"loc":{"start":{"line":1,"column":0},"end":{"line":1,"column":7}}},"1":{"name":"checkLength","decl":{"start":{"line":3,"column":16},"end":{"line":3,"column":28}},"loc":{"start":{"line":3,"column":43},"end":{"line":7,"column":null}}}},"branchMap":{"0":{"loc":{"start":{"line":4,"column":2},"end":{"line":6,"column":null}},"type":"if","locations":[{"start":{"line":4,"column":2},"end":{"line":6,"column":null}}]}},"s":{"0":6,"1":3,"2":1},"f":{"0":3,"1":3},"b":{"0":[1]}}
,"/Users/newin/Desktop/homeCoding/test-code-TIL/practice/src/04/07/index.ts": {"path":"/Users/newin/Desktop/homeCoding/test-code-TIL/practice/src/04/07/index.ts","statementMap":{"0":{"start":{"line":1,"column":0},"end":{"line":1,"column":7}},"1":{"start":{"line":2,"column":8},"end":{"line":2,"column":null}},"2":{"start":{"line":3,"column":2},"end":{"line":7,"column":null}},"3":{"start":{"line":4,"column":4},"end":{"line":4,"column":null}},"4":{"start":{"line":5,"column":2},"end":{"line":7,"column":null}},"5":{"start":{"line":6,"column":4},"end":{"line":6,"column":null}},"6":{"start":{"line":8,"column":2},"end":{"line":8,"column":null}}},"fnMap":{"0":{"name":"(anonymous_4)","decl":{"start":{"line":1,"column":0},"end":{"line":1,"column":7}},"loc":{"start":{"line":1,"column":0},"end":{"line":1,"column":7}}},"1":{"name":"greetByTime","decl":{"start":{"line":1,"column":16},"end":{"line":1,"column":30}},"loc":{"start":{"line":1,"column":30},"end":{"line":9,"column":null}}}},"branchMap":{"0":{"loc":{"start":{"line":3,"column":2},"end":{"line":7,"column":null}},"type":"if","locations":[{"start":{"line":3,"column":2},"end":{"line":7,"column":null}},{"start":{"line":5,"column":2},"end":{"line":7,"column":null}}]},"1":{"loc":{"start":{"line":5,"column":2},"end":{"line":7,"column":null}},"type":"if","locations":[{"start":{"line":5,"column":2},"end":{"line":7,"column":null}}]}},"s":{"0":6,"1":3,"2":3,"3":1,"4":2,"5":1,"6":1},"f":{"0":3,"1":3},"b":{"0":[1,2],"1":[1]}}
,"/Users/newin/Desktop/homeCoding/test-code-TIL/practice/src/04/fetchers/fixtures.ts": {"path":"/Users/newin/Desktop/homeCoding/test-code-TIL/practice/src/04/fetchers/fixtures.ts","statementMap":{"0":{"start":{"line":1,"column":0},"end":{"line":1,"column":null}},"1":{"start":{"line":3,"column":36},"end":{"line":5,"column":null}},"2":{"start":{"line":7,"column":43},"end":{"line":31,"column":null}},"3":{"start":{"line":33,"column":42},"end":{"line":39,"column":null}}},"fnMap":{"0":{"name":"(anonymous_4)","decl":{"start":{"line":1,"column":0},"end":{"line":1,"column":null}},"loc":{"start":{"line":1,"column":0},"end":{"line":1,"column":null}}}},"branchMap":{},"s":{"0":18,"1":3,"2":3,"3":3},"f":{"0":9},"b":{}}
,"/Users/newin/Desktop/homeCoding/test-code-TIL/practice/src/04/fetchers/index.ts": {"path":"/Users/newin/Desktop/homeCoding/test-code-TIL/practice/src/04/fetchers/index.ts","statementMap":{"0":{"start":{"line":1,"column":0},"end":{"line":1,"column":null}},"1":{"start":{"line":4,"column":15},"end":{"line":4,"column":null}},"2":{"start":{"line":5,"column":2},"end":{"line":7,"column":null}},"3":{"start":{"line":6,"column":4},"end":{"line":6,"column":null}},"4":{"start":{"line":8,"column":2},"end":{"line":8,"column":null}},"5":{"start":{"line":11,"column":13},"end":{"line":11,"column":null}},"6":{"start":{"line":11,"column":31},"end":{"line":11,"column":null}},"7":{"start":{"line":14,"column":2},"end":{"line":14,"column":null}},"8":{"start":{"line":18,"column":2},"end":{"line":18,"column":null}},"9":{"start":{"line":22,"column":2},"end":{"line":25,"column":null}}},"fnMap":{"0":{"name":"(anonymous_4)","decl":{"start":{"line":1,"column":0},"end":{"line":1,"column":null}},"loc":{"start":{"line":1,"column":0},"end":{"line":1,"column":null}}},"1":{"name":"handleResponse","decl":{"start":{"line":3,"column":15},"end":{"line":3,"column":30}},"loc":{"start":{"line":3,"column":45},"end":{"line":9,"column":null}}},"2":{"name":"(anonymous_8)","decl":{"start":{"line":11,"column":13},"end":{"line":11,"column":14}},"loc":{"start":{"line":11,"column":31},"end":{"line":11,"column":null}}},"3":{"name":"getMyProfile","decl":{"start":{"line":13,"column":16},"end":{"line":13,"column":49}},"loc":{"start":{"line":13,"column":49},"end":{"line":15,"column":null}}},"4":{"name":"getMyArticles","decl":{"start":{"line":17,"column":16},"end":{"line":17,"column":51}},"loc":{"start":{"line":17,"column":51},"end":{"line":19,"column":null}}},"5":{"name":"postMyArticle","decl":{"start":{"line":21,"column":16},"end":{"line":21,"column":30}},"loc":{"start":{"line":21,"column":69},"end":{"line":26,"column":null}}}},"branchMap":{"0":{"loc":{"start":{"line":5,"column":2},"end":{"line":7,"column":null}},"type":"if","locations":[{"start":{"line":5,"column":2},"end":{"line":7,"column":null}}]}},"s":{"0":18,"1":0,"2":0,"3":0,"4":0,"5":3,"6":0,"7":0,"8":0,"9":0},"f":{"0":9,"1":0,"2":0,"3":0,"4":0,"5":0},"b":{"0":[0]}}
,"/Users/newin/Desktop/homeCoding/test-code-TIL/practice/src/05/03/Form.tsx": {"path":"/Users/newin/Desktop/homeCoding/test-code-TIL/practice/src/05/03/Form.tsx","statementMap":{"0":{"start":{"line":1,"column":0},"end":{"line":1,"column":null}},"1":{"start":{"line":5,"column":20},"end":{"line":20,"column":null}},"2":{"start":{"line":6,"column":2},"end":{"line":18,"column":null}},"3":{"start":{"line":9,"column":8},"end":{"line":9,"column":null}},"4":{"start":{"line":10,"column":8},"end":{"line":10,"column":null}}},"fnMap":{"0":{"name":"(anonymous_4)","decl":{"start":{"line":1,"column":0},"end":{"line":1,"column":null}},"loc":{"start":{"line":1,"column":0},"end":{"line":1,"column":null}}},"1":{"name":"(anonymous_5)","decl":{"start":{"line":5,"column":20},"end":{"line":5,"column":21}},"loc":{"start":{"line":5,"column":51},"end":{"line":20,"column":null}}},"2":{"name":"(anonymous_6)","decl":{"start":{"line":8,"column":16},"end":{"line":8,"column":17}},"loc":{"start":{"line":8,"column":27},"end":{"line":11,"column":null}}}},"branchMap":{"0":{"loc":{"start":{"line":10,"column":8},"end":{"line":10,"column":null}},"type":"cond-expr","locations":[{"start":{"line":10,"column":8},"end":{"line":10,"column":19}},{"start":{"line":10,"column":8},"end":{"line":10,"column":null}}]}},"s":{"0":9,"1":1,"2":6,"3":1,"4":1},"f":{"0":6,"1":6,"2":1},"b":{"0":[0,1]}}
,"/Users/newin/Desktop/homeCoding/test-code-TIL/practice/src/05/04/ArticleList.tsx": {"path":"/Users/newin/Desktop/homeCoding/test-code-TIL/practice/src/05/04/ArticleList.tsx","statementMap":{"0":{"start":{"line":1,"column":0},"end":{"line":1,"column":43}},"1":{"start":{"line":1,"column":43},"end":{"line":1,"column":null}},"2":{"start":{"line":7,"column":27},"end":{"line":22,"column":null}},"3":{"start":{"line":8,"column":2},"end":{"line":20,"column":null}},"4":{"start":{"line":14,"column":12},"end":{"line":14,"column":null}}},"fnMap":{"0":{"name":"(anonymous_4)","decl":{"start":{"line":1,"column":0},"end":{"line":1,"column":43}},"loc":{"start":{"line":1,"column":0},"end":{"line":1,"column":43}}},"1":{"name":"(anonymous_5)","decl":{"start":{"line":7,"column":27},"end":{"line":7,"column":28}},"loc":{"start":{"line":7,"column":49},"end":{"line":22,"column":null}}},"2":{"name":"(anonymous_6)","decl":{"start":{"line":13,"column":21},"end":{"line":13,"column":22}},"loc":{"start":{"line":14,"column":12},"end":{"line":14,"column":null}}}},"branchMap":{"0":{"loc":{"start":{"line":11,"column":7},"end":{"line":18,"column":null}},"type":"cond-expr","locations":[{"start":{"line":12,"column":8},"end":{"line":16,"column":null}},{"start":{"line":18,"column":8},"end":{"line":18,"column":null}}]}},"s":{"0":8,"1":1,"2":1,"3":5,"4":12},"f":{"0":5,"1":5,"2":12},"b":{"0":[4,1]}}
,"/Users/newin/Desktop/homeCoding/test-code-TIL/practice/src/05/04/ArticleListItem.tsx": {"path":"/Users/newin/Desktop/homeCoding/test-code-TIL/practice/src/05/04/ArticleListItem.tsx","statementMap":{"0":{"start":{"line":1,"column":0},"end":{"line":1,"column":null}},"1":{"start":{"line":7,"column":31},"end":{"line":15,"column":null}},"2":{"start":{"line":8,"column":2},"end":{"line":13,"column":null}}},"fnMap":{"0":{"name":"(anonymous_4)","decl":{"start":{"line":1,"column":0},"end":{"line":1,"column":null}},"loc":{"start":{"line":1,"column":0},"end":{"line":1,"column":null}}},"1":{"name":"(anonymous_5)","decl":{"start":{"line":7,"column":31},"end":{"line":7,"column":32}},"loc":{"start":{"line":7,"column":67},"end":{"line":15,"column":null}}}},"branchMap":{},"s":{"0":20,"1":2,"2":14},"f":{"0":14,"1":14},"b":{}}
,"/Users/newin/Desktop/homeCoding/test-code-TIL/practice/src/05/04/fixture.ts": {"path":"/Users/newin/Desktop/homeCoding/test-code-TIL/practice/src/05/04/fixture.ts","statementMap":{"0":{"start":{"line":1,"column":0},"end":{"line":1,"column":null}},"1":{"start":{"line":3,"column":34},"end":{"line":19,"column":null}}},"fnMap":{"0":{"name":"(anonymous_4)","decl":{"start":{"line":1,"column":0},"end":{"line":1,"column":null}},"loc":{"start":{"line":1,"column":0},"end":{"line":1,"column":null}}}},"branchMap":{},"s":{"0":7,"1":1},"f":{"0":4},"b":{}}
,"/Users/newin/Desktop/homeCoding/test-code-TIL/practice/src/05/05/Agreement.tsx": {"path":"/Users/newin/Desktop/homeCoding/test-code-TIL/practice/src/05/05/Agreement.tsx","statementMap":{"0":{"start":{"line":1,"column":0},"end":{"line":1,"column":null}},"1":{"start":{"line":19,"column":25},"end":{"line":29,"column":null}},"2":{"start":{"line":20,"column":2},"end":{"line":27,"column":null}}},"fnMap":{"0":{"name":"(anonymous_4)","decl":{"start":{"line":1,"column":0},"end":{"line":1,"column":null}},"loc":{"start":{"line":1,"column":0},"end":{"line":1,"column":null}}},"1":{"name":"(anonymous_5)","decl":{"start":{"line":19,"column":25},"end":{"line":19,"column":26}},"loc":{"start":{"line":19,"column":50},"end":{"line":29,"column":null}}}},"branchMap":{},"s":{"0":16,"1":2,"2":10},"f":{"0":10,"1":10},"b":{}}
,"/Users/newin/Desktop/homeCoding/test-code-TIL/practice/src/05/05/Form.tsx": {"path":"/Users/newin/Desktop/homeCoding/test-code-TIL/practice/src/05/05/Form.tsx","statementMap":{"0":{"start":{"line":1,"column":0},"end":{"line":1,"column":32}},"1":{"start":{"line":1,"column":32},"end":{"line":1,"column":null}},"2":{"start":{"line":2,"column":26},"end":{"line":2,"column":null}},"3":{"start":{"line":3,"column":29},"end":{"line":3,"column":null}},"4":{"start":{"line":5,"column":20},"end":{"line":22,"column":null}},"5":{"start":{"line":6,"column":28},"end":{"line":6,"column":null}},"6":{"start":{"line":7,"column":8},"end":{"line":7,"column":null}},"7":{"start":{"line":8,"column":2},"end":{"line":20,"column":null}},"8":{"start":{"line":14,"column":10},"end":{"line":14,"column":null}}},"fnMap":{"0":{"name":"(anonymous_4)","decl":{"start":{"line":1,"column":0},"end":{"line":1,"column":32}},"loc":{"start":{"line":1,"column":0},"end":{"line":1,"column":32}}},"1":{"name":"(anonymous_5)","decl":{"start":{"line":5,"column":20},"end":{"line":5,"column":26}},"loc":{"start":{"line":5,"column":26},"end":{"line":22,"column":null}}},"2":{"name":"(anonymous_6)","decl":{"start":{"line":13,"column":18},"end":{"line":13,"column":19}},"loc":{"start":{"line":13,"column":29},"end":{"line":15,"column":null}}}},"branchMap":{},"s":{"0":8,"1":1,"2":1,"3":1,"4":1,"5":6,"6":6,"7":6,"8":1},"f":{"0":5,"1":6,"2":1},"b":{}}
,"/Users/newin/Desktop/homeCoding/test-code-TIL/practice/src/05/05/InputAccount.tsx": {"path":"/Users/newin/Desktop/homeCoding/test-code-TIL/practice/src/05/05/InputAccount.tsx","statementMap":{"0":{"start":{"line":1,"column":0},"end":{"line":1,"column":7}},"1":{"start":{"line":1,"column":28},"end":{"line":19,"column":null}},"2":{"start":{"line":2,"column":2},"end":{"line":17,"column":null}}},"fnMap":{"0":{"name":"(anonymous_4)","decl":{"start":{"line":1,"column":0},"end":{"line":1,"column":7}},"loc":{"start":{"line":1,"column":0},"end":{"line":1,"column":7}}},"1":{"name":"(anonymous_5)","decl":{"start":{"line":1,"column":28},"end":{"line":1,"column":34}},"loc":{"start":{"line":1,"column":34},"end":{"line":19,"column":null}}}},"branchMap":{},"s":{"0":17,"1":2,"2":11},"f":{"0":11,"1":11},"b":{}}
,"/Users/newin/Desktop/homeCoding/test-code-TIL/practice/src/05/06/ContactNumber.tsx": {"path":"/Users/newin/Desktop/homeCoding/test-code-TIL/practice/src/05/06/ContactNumber.tsx","statementMap":{"0":{"start":{"line":1,"column":0},"end":{"line":1,"column":7}},"1":{"start":{"line":1,"column":29},"end":{"line":19,"column":null}},"2":{"start":{"line":2,"column":2},"end":{"line":17,"column":null}}},"fnMap":{"0":{"name":"(anonymous_4)","decl":{"start":{"line":1,"column":0},"end":{"line":1,"column":7}},"loc":{"start":{"line":1,"column":0},"end":{"line":1,"column":7}}},"1":{"name":"(anonymous_5)","decl":{"start":{"line":1,"column":29},"end":{"line":1,"column":35}},"loc":{"start":{"line":1,"column":35},"end":{"line":19,"column":null}}}},"branchMap":{},"s":{"0":30,"1":3,"2":21},"f":{"0":21,"1":21},"b":{}}
,"/Users/newin/Desktop/homeCoding/test-code-TIL/practice/src/05/06/DeliveryAddress.tsx": {"path":"/Users/newin/Desktop/homeCoding/test-code-TIL/practice/src/05/06/DeliveryAddress.tsx","statementMap":{"0":{"start":{"line":1,"column":0},"end":{"line":1,"column":7}},"1":{"start":{"line":1,"column":31},"end":{"line":31,"column":null}},"2":{"start":{"line":2,"column":2},"end":{"line":29,"column":null}}},"fnMap":{"0":{"name":"(anonymous_4)","decl":{"start":{"line":1,"column":0},"end":{"line":1,"column":7}},"loc":{"start":{"line":1,"column":0},"end":{"line":1,"column":7}}},"1":{"name":"(anonymous_5)","decl":{"start":{"line":1,"column":31},"end":{"line":1,"column":32}},"loc":{"start":{"line":1,"column":74},"end":{"line":31,"column":null}}}},"branchMap":{"0":{"loc":{"start":{"line":1,"column":34},"end":{"line":1,"column":48}},"type":"default-arg","locations":[{"start":{"line":1,"column":42},"end":{"line":1,"column":48}}]}},"s":{"0":28,"1":3,"2":19},"f":{"0":19,"1":19},"b":{"0":[17]}}
,"/Users/newin/Desktop/homeCoding/test-code-TIL/practice/src/05/06/Form.tsx": {"path":"/Users/newin/Desktop/homeCoding/test-code-TIL/practice/src/05/06/Form.tsx","statementMap":{"0":{"start":{"line":1,"column":0},"end":{"line":1,"column":25}},"1":{"start":{"line":1,"column":25},"end":{"line":1,"column":null}},"2":{"start":{"line":2,"column":30},"end":{"line":2,"column":null}},"3":{"start":{"line":3,"column":32},"end":{"line":3,"column":null}},"4":{"start":{"line":4,"column":36},"end":{"line":4,"column":null}},"5":{"start":{"line":5,"column":40},"end":{"line":5,"column":null}},"6":{"start":{"line":12,"column":20},"end":{"line":41,"column":null}},"7":{"start":{"line":13,"column":36},"end":{"line":15,"column":null}},"8":{"start":{"line":16,"column":2},"end":{"line":39,"column":null}}},"fnMap":{"0":{"name":"(anonymous_4)","decl":{"start":{"line":1,"column":0},"end":{"line":1,"column":25}},"loc":{"start":{"line":1,"column":0},"end":{"line":1,"column":25}}},"1":{"name":"(anonymous_5)","decl":{"start":{"line":12,"column":20},"end":{"line":12,"column":21}},"loc":{"start":{"line":12,"column":38},"end":{"line":41,"column":null}}}},"branchMap":{"0":{"loc":{"start":{"line":19,"column":21},"end":{"line":33,"column":null}},"type":"cond-expr","locations":[{"start":{"line":21,"column":8},"end":{"line":31,"column":null}},{"start":{"line":33,"column":8},"end":{"line":33,"column":null}}]},"1":{"loc":{"start":{"line":19,"column":21},"end":{"line":20,"column":null}},"type":"cond-expr","locations":[{"start":{"line":20,"column":7},"end":{"line":20,"column":13}},{"start":{"line":20,"column":7},"end":{"line":20,"column":null}}]},"2":{"loc":{"start":{"line":23,"column":11},"end":{"line":29,"column":null}},"type":"cond-expr","locations":[{"start":{"line":24,"column":12},"end":{"line":24,"column":null}},{"start":{"line":26,"column":12},"end":{"line":29,"column":null}}]}},"s":{"0":22,"1":2,"2":2,"3":2,"4":2,"5":2,"6":2,"7":18,"8":18},"f":{"0":16,"1":18},"b":{"0":[6,12],"1":[12,6],"2":[1,5]}}
,"/Users/newin/Desktop/homeCoding/test-code-TIL/practice/src/05/06/PastDeliveryAddress.tsx": {"path":"/Users/newin/Desktop/homeCoding/test-code-TIL/practice/src/05/06/PastDeliveryAddress.tsx","statementMap":{"0":{"start":{"line":1,"column":0},"end":{"line":1,"column":null}},"1":{"start":{"line":3,"column":35},"end":{"line":20,"column":null}},"2":{"start":{"line":10,"column":2},"end":{"line":18,"column":null}},"3":{"start":{"line":15,"column":10},"end":{"line":15,"column":null}}},"fnMap":{"0":{"name":"(anonymous_4)","decl":{"start":{"line":1,"column":0},"end":{"line":1,"column":null}},"loc":{"start":{"line":1,"column":0},"end":{"line":1,"column":null}}},"1":{"name":"(anonymous_5)","decl":{"start":{"line":3,"column":35},"end":{"line":3,"column":36}},"loc":{"start":{"line":9,"column":6},"end":{"line":20,"column":null}}},"2":{"name":"(anonymous_6)","decl":{"start":{"line":14,"column":21},"end":{"line":14,"column":22}},"loc":{"start":{"line":15,"column":10},"end":{"line":15,"column":null}}}},"branchMap":{"0":{"loc":{"start":{"line":11,"column":52},"end":{"line":11,"column":71}},"type":"cond-expr","locations":[{"start":{"line":11,"column":63},"end":{"line":11,"column":69}},{"start":{"line":11,"column":69},"end":{"line":11,"column":71}}]}},"s":{"0":15,"1":3,"2":6,"3":6},"f":{"0":6,"1":6,"2":6},"b":{"0":[5,1]}}
,"/Users/newin/Desktop/homeCoding/test-code-TIL/practice/src/05/06/RegisterDeliveryAddress.tsx": {"path":"/Users/newin/Desktop/homeCoding/test-code-TIL/practice/src/05/06/RegisterDeliveryAddress.tsx","statementMap":{"0":{"start":{"line":1,"column":0},"end":{"line":1,"column":null}},"1":{"start":{"line":3,"column":39},"end":{"line":31,"column":null}},"2":{"start":{"line":4,"column":2},"end":{"line":29,"column":null}},"3":{"start":{"line":13,"column":12},"end":{"line":13,"column":null}},"4":{"start":{"line":24,"column":12},"end":{"line":24,"column":null}}},"fnMap":{"0":{"name":"(anonymous_4)","decl":{"start":{"line":1,"column":0},"end":{"line":1,"column":null}},"loc":{"start":{"line":1,"column":0},"end":{"line":1,"column":null}}},"1":{"name":"(anonymous_5)","decl":{"start":{"line":3,"column":39},"end":{"line":3,"column":40}},"loc":{"start":{"line":3,"column":64},"end":{"line":31,"column":null}}},"2":{"name":"(anonymous_6)","decl":{"start":{"line":12,"column":20},"end":{"line":12,"column":26}},"loc":{"start":{"line":12,"column":26},"end":{"line":14,"column":null}}},"3":{"name":"(anonymous_7)","decl":{"start":{"line":23,"column":20},"end":{"line":23,"column":26}},"loc":{"start":{"line":23,"column":26},"end":{"line":25,"column":null}}}},"branchMap":{},"s":{"0":16,"1":3,"2":7,"3":2,"4":2},"f":{"0":7,"1":7,"2":2,"3":2},"b":{}}
,"/Users/newin/Desktop/homeCoding/test-code-TIL/practice/src/05/06/fixtures.ts": {"path":"/Users/newin/Desktop/homeCoding/test-code-TIL/practice/src/05/06/fixtures.ts","statementMap":{"0":{"start":{"line":1,"column":0},"end":{"line":1,"column":7}},"1":{"start":{"line":1,"column":33},"end":{"line":7,"column":null}}},"fnMap":{"0":{"name":"(anonymous_4)","decl":{"start":{"line":1,"column":0},"end":{"line":1,"column":7}},"loc":{"start":{"line":1,"column":0},"end":{"line":1,"column":7}}}},"branchMap":{},"s":{"0":7,"1":1},"f":{"0":4},"b":{}}
,"/Users/newin/Desktop/homeCoding/test-code-TIL/practice/src/05/07/RegisterAddress.tsx": {"path":"/Users/newin/Desktop/homeCoding/test-code-TIL/practice/src/05/07/RegisterAddress.tsx","statementMap":{"0":{"start":{"line":1,"column":0},"end":{"line":1,"column":25}},"1":{"start":{"line":1,"column":25},"end":{"line":1,"column":null}},"2":{"start":{"line":2,"column":21},"end":{"line":2,"column":null}},"3":{"start":{"line":3,"column":30},"end":{"line":3,"column":null}},"4":{"start":{"line":4,"column":29},"end":{"line":4,"column":null}},"5":{"start":{"line":5,"column":50},"end":{"line":5,"column":null}},"6":{"start":{"line":23,"column":31},"end":{"line":50,"column":null}},"7":{"start":{"line":24,"column":34},"end":{"line":24,"column":null}},"8":{"start":{"line":25,"column":2},"end":{"line":48,"column":null}},"9":{"start":{"line":29,"column":10},"end":{"line":44,"column":null}},"10":{"start":{"line":30,"column":12},"end":{"line":30,"column":null}},"11":{"start":{"line":31,"column":12},"end":{"line":37,"column":null}},"12":{"start":{"line":33,"column":16},"end":{"line":33,"column":null}},"13":{"start":{"line":36,"column":16},"end":{"line":36,"column":null}},"14":{"start":{"line":39,"column":12},"end":{"line":42,"column":null}},"15":{"start":{"line":40,"column":14},"end":{"line":40,"column":null}},"16":{"start":{"line":41,"column":14},"end":{"line":41,"column":null}},"17":{"start":{"line":43,"column":12},"end":{"line":43,"column":null}}},"fnMap":{"0":{"name":"(anonymous_4)","decl":{"start":{"line":1,"column":0},"end":{"line":1,"column":25}},"loc":{"start":{"line":1,"column":0},"end":{"line":1,"column":25}}},"1":{"name":"(anonymous_5)","decl":{"start":{"line":23,"column":31},"end":{"line":23,"column":37}},"loc":{"start":{"line":23,"column":37},"end":{"line":50,"column":null}}},"2":{"name":"(anonymous_6)","decl":{"start":{"line":28,"column":31},"end":{"line":28,"column":32}},"loc":{"start":{"line":28,"column":43},"end":{"line":45,"column":9}}},"3":{"name":"(anonymous_7)","decl":{"start":{"line":32,"column":20},"end":{"line":32,"column":26}},"loc":{"start":{"line":32,"column":26},"end":{"line":34,"column":15}}},"4":{"name":"(anonymous_8)","decl":{"start":{"line":35,"column":21},"end":{"line":35,"column":27}},"loc":{"start":{"line":35,"column":27},"end":{"line":37,"column":15}}}},"branchMap":{"0":{"loc":{"start":{"line":39,"column":12},"end":{"line":42,"column":null}},"type":"if","locations":[{"start":{"line":39,"column":12},"end":{"line":42,"column":null}}]},"1":{"loc":{"start":{"line":47,"column":7},"end":{"line":47,"column":null}},"type":"binary-expr","locations":[{"start":{"line":47,"column":7},"end":{"line":47,"column":21}},{"start":{"line":47,"column":21},"end":{"line":47,"column":null}}]}},"s":{"0":8,"1":1,"2":1,"3":1,"4":1,"5":1,"6":1,"7":9,"8":9,"9":4,"10":4,"11":3,"12":1,"13":1,"14":2,"15":1,"16":1,"17":1},"f":{"0":5,"1":9,"2":4,"3":1,"4":1},"b":{"0":[1],"1":[9,4]}}
,"/Users/newin/Desktop/homeCoding/test-code-TIL/practice/src/05/07/handleSubmit.ts": {"path":"/Users/newin/Desktop/homeCoding/test-code-TIL/practice/src/05/07/handleSubmit.ts","statementMap":{"0":{"start":{"line":1,"column":0},"end":{"line":1,"column":7}},"1":{"start":{"line":2,"column":2},"end":{"line":8,"column":null}},"2":{"start":{"line":3,"column":4},"end":{"line":3,"column":null}},"3":{"start":{"line":4,"column":21},"end":{"line":4,"column":null}},"4":{"start":{"line":5,"column":45},"end":{"line":5,"column":null}},"5":{"start":{"line":6,"column":4},"end":{"line":6,"column":null}},"6":{"start":{"line":6,"column":38},"end":{"line":6,"column":58}},"7":{"start":{"line":7,"column":4},"end":{"line":7,"column":null}}},"fnMap":{"0":{"name":"(anonymous_4)","decl":{"start":{"line":1,"column":0},"end":{"line":1,"column":7}},"loc":{"start":{"line":1,"column":0},"end":{"line":1,"column":7}}},"1":{"name":"handleSubmit","decl":{"start":{"line":1,"column":16},"end":{"line":1,"column":29}},"loc":{"start":{"line":1,"column":78},"end":{"line":9,"column":null}}},"2":{"name":"(anonymous_6)","decl":{"start":{"line":2,"column":9},"end":{"line":2,"column":10}},"loc":{"start":{"line":2,"column":54},"end":{"line":8,"column":null}}},"3":{"name":"(anonymous_7)","decl":{"start":{"line":6,"column":21},"end":{"line":6,"column":22}},"loc":{"start":{"line":6,"column":38},"end":{"line":6,"column":58}}}},"branchMap":{},"s":{"0":12,"1":9,"2":4,"3":4,"4":4,"5":4,"6":24,"7":4},"f":{"0":9,"1":9,"2":4,"3":24},"b":{}}
,"/Users/newin/Desktop/homeCoding/test-code-TIL/practice/src/05/07/testingUtils.ts": {"path":"/Users/newin/Desktop/homeCoding/test-code-TIL/practice/src/05/07/testingUtils.ts","statementMap":{"0":{"start":{"line":1,"column":0},"end":{"line":1,"column":23}},"1":{"start":{"line":1,"column":23},"end":{"line":1,"column":null}},"2":{"start":{"line":2,"column":22},"end":{"line":2,"column":null}},"3":{"start":{"line":4,"column":13},"end":{"line":4,"column":null}},"4":{"start":{"line":7,"column":2},"end":{"line":7,"column":null}},"5":{"start":{"line":16,"column":2},"end":{"line":19,"column":null}},"6":{"start":{"line":20,"column":2},"end":{"line":23,"column":null}},"7":{"start":{"line":24,"column":2},"end":{"line":24,"column":null}},"8":{"start":{"line":35,"column":2},"end":{"line":38,"column":null}},"9":{"start":{"line":39,"column":2},"end":{"line":42,"column":null}},"10":{"start":{"line":43,"column":2},"end":{"line":46,"column":null}},"11":{"start":{"line":47,"column":2},"end":{"line":50,"column":null}},"12":{"start":{"line":51,"column":2},"end":{"line":51,"column":null}},"13":{"start":{"line":55,"column":2},"end":{"line":57,"column":null}}},"fnMap":{"0":{"name":"(anonymous_5)","decl":{"start":{"line":1,"column":0},"end":{"line":1,"column":23}},"loc":{"start":{"line":1,"column":0},"end":{"line":1,"column":23}}},"1":{"name":"getGroupByName","decl":{"start":{"line":6,"column":16},"end":{"line":6,"column":31}},"loc":{"start":{"line":6,"column":45},"end":{"line":8,"column":null}}},"2":{"name":"inputContactNumber","decl":{"start":{"line":10,"column":22},"end":{"line":10,"column":null}},"loc":{"start":{"line":15,"column":2},"end":{"line":25,"column":null}}},"3":{"name":"inputDeliveryAddress","decl":{"start":{"line":27,"column":22},"end":{"line":27,"column":null}},"loc":{"start":{"line":34,"column":2},"end":{"line":52,"column":null}}},"4":{"name":"clickSubmit","decl":{"start":{"line":54,"column":22},"end":{"line":54,"column":36}},"loc":{"start":{"line":54,"column":36},"end":{"line":58,"column":null}}}},"branchMap":{"0":{"loc":{"start":{"line":11,"column":2},"end":{"line":14,"column":null}},"type":"default-arg","locations":[{"start":{"line":11,"column":16},"end":{"line":14,"column":null}}]},"1":{"loc":{"start":{"line":28,"column":2},"end":{"line":33,"column":null}},"type":"default-arg","locations":[{"start":{"line":28,"column":16},"end":{"line":33,"column":null}}]}},"s":{"0":15,"1":1,"2":1,"3":1,"4":0,"5":4,"6":4,"7":4,"8":4,"9":4,"10":4,"11":4,"12":4,"13":4},"f":{"0":12,"1":0,"2":4,"3":4,"4":4},"b":{"0":[3],"1":[4]}}
,"/Users/newin/Desktop/homeCoding/test-code-TIL/practice/src/05/07/validations.ts": {"path":"/Users/newin/Desktop/homeCoding/test-code-TIL/practice/src/05/07/validations.ts","statementMap":{"0":{"start":{"line":1,"column":0},"end":{"line":1,"column":7}},"1":{"start":{"line":4,"column":2},"end":{"line":6,"column":null}},"2":{"start":{"line":5,"column":4},"end":{"line":5,"column":null}}},"fnMap":{"0":{"name":"(anonymous_4)","decl":{"start":{"line":1,"column":0},"end":{"line":1,"column":7}},"loc":{"start":{"line":1,"column":0},"end":{"line":1,"column":7}}},"1":{"name":"checkPhoneNumber","decl":{"start":{"line":3,"column":16},"end":{"line":3,"column":33}},"loc":{"start":{"line":3,"column":45},"end":{"line":7,"column":null}}}},"branchMap":{"0":{"loc":{"start":{"line":4,"column":2},"end":{"line":6,"column":null}},"type":"if","locations":[{"start":{"line":4,"column":2},"end":{"line":6,"column":null}}]}},"s":{"0":9,"1":4,"2":1},"f":{"0":6,"1":4},"b":{"0":[1]}}
,"/Users/newin/Desktop/homeCoding/test-code-TIL/practice/src/05/07/fetchers/fixtures.ts": {"path":"/Users/newin/Desktop/homeCoding/test-code-TIL/practice/src/05/07/fetchers/fixtures.ts","statementMap":{"0":{"start":{"line":1,"column":0},"end":{"line":1,"column":null}},"1":{"start":{"line":3,"column":36},"end":{"line":5,"column":null}},"2":{"start":{"line":7,"column":41},"end":{"line":9,"column":null}}},"fnMap":{"0":{"name":"(anonymous_4)","decl":{"start":{"line":1,"column":0},"end":{"line":1,"column":null}},"loc":{"start":{"line":1,"column":0},"end":{"line":1,"column":null}}}},"branchMap":{},"s":{"0":6,"1":1,"2":1},"f":{"0":3},"b":{}}
,"/Users/newin/Desktop/homeCoding/test-code-TIL/practice/src/05/07/fetchers/index.ts": {"path":"/Users/newin/Desktop/homeCoding/test-code-TIL/practice/src/05/07/fetchers/index.ts","statementMap":{"0":{"start":{"line":1,"column":0},"end":{"line":1,"column":null}},"1":{"start":{"line":4,"column":15},"end":{"line":4,"column":null}},"2":{"start":{"line":5,"column":2},"end":{"line":7,"column":null}},"3":{"start":{"line":6,"column":4},"end":{"line":6,"column":null}},"4":{"start":{"line":8,"column":2},"end":{"line":8,"column":null}},"5":{"start":{"line":11,"column":13},"end":{"line":11,"column":null}},"6":{"start":{"line":11,"column":31},"end":{"line":11,"column":null}},"7":{"start":{"line":13,"column":16},"end":{"line":16,"column":null}},"8":{"start":{"line":19,"column":2},"end":{"line":23,"column":null}}},"fnMap":{"0":{"name":"(anonymous_4)","decl":{"start":{"line":1,"column":0},"end":{"line":1,"column":null}},"loc":{"start":{"line":1,"column":0},"end":{"line":1,"column":null}}},"1":{"name":"handleResponse","decl":{"start":{"line":3,"column":15},"end":{"line":3,"column":30}},"loc":{"start":{"line":3,"column":45},"end":{"line":9,"column":null}}},"2":{"name":"(anonymous_6)","decl":{"start":{"line":11,"column":13},"end":{"line":11,"column":14}},"loc":{"start":{"line":11,"column":31},"end":{"line":11,"column":null}}},"3":{"name":"postMyAddress","decl":{"start":{"line":18,"column":16},"end":{"line":18,"column":30}},"loc":{"start":{"line":18,"column":64},"end":{"line":24,"column":null}}}},"branchMap":{"0":{"loc":{"start":{"line":5,"column":2},"end":{"line":7,"column":null}},"type":"if","locations":[{"start":{"line":5,"column":2},"end":{"line":7,"column":null}}]}},"s":{"0":4,"1":0,"2":0,"3":0,"4":0,"5":1,"6":0,"7":1,"8":0},"f":{"0":1,"1":0,"2":0,"3":0},"b":{"0":[0]}}
,"/Users/newin/Desktop/homeCoding/test-code-TIL/practice/src/05/07/fetchers/mock.ts": {"path":"/Users/newin/Desktop/homeCoding/test-code-TIL/practice/src/05/07/fetchers/mock.ts","statementMap":{"0":{"start":{"line":1,"column":0},"end":{"line":1,"column":26}},"1":{"start":{"line":1,"column":26},"end":{"line":1,"column":null}},"2":{"start":{"line":2,"column":45},"end":{"line":2,"column":null}},"3":{"start":{"line":5,"column":2},"end":{"line":9,"column":null}},"4":{"start":{"line":6,"column":4},"end":{"line":8,"column":null}},"5":{"start":{"line":10,"column":2},"end":{"line":12,"column":null}}},"fnMap":{"0":{"name":"(anonymous_5)","decl":{"start":{"line":1,"column":0},"end":{"line":1,"column":26}},"loc":{"start":{"line":1,"column":0},"end":{"line":1,"column":26}}},"1":{"name":"mockPostMyAddress","decl":{"start":{"line":4,"column":16},"end":{"line":4,"column":34}},"loc":{"start":{"line":4,"column":48},"end":{"line":13,"column":null}}}},"branchMap":{"0":{"loc":{"start":{"line":4,"column":34},"end":{"line":4,"column":48}},"type":"default-arg","locations":[{"start":{"line":4,"column":43},"end":{"line":4,"column":48}}]},"1":{"loc":{"start":{"line":5,"column":2},"end":{"line":9,"column":null}},"type":"if","locations":[{"start":{"line":5,"column":2},"end":{"line":9,"column":null}}]}},"s":{"0":6,"1":1,"2":1,"3":3,"4":1,"5":2},"f":{"0":3,"1":3},"b":{"0":[2],"1":[1]}}
,"/Users/newin/Desktop/homeCoding/test-code-TIL/practice/src/06/Articles.tsx": {"path":"/Users/newin/Desktop/homeCoding/test-code-TIL/practice/src/06/Articles.tsx","statementMap":{"0":{"start":{"line":1,"column":0},"end":{"line":1,"column":null}},"1":{"start":{"line":5,"column":24},"end":{"line":25,"column":null}},"2":{"start":{"line":6,"column":2},"end":{"line":8,"column":null}},"3":{"start":{"line":7,"column":4},"end":{"line":7,"column":null}},"4":{"start":{"line":9,"column":2},"end":{"line":23,"column":null}},"5":{"start":{"line":15,"column":12},"end":{"line":17,"column":null}}},"fnMap":{"0":{"name":"(anonymous_4)","decl":{"start":{"line":1,"column":0},"end":{"line":1,"column":null}},"loc":{"start":{"line":1,"column":0},"end":{"line":1,"column":null}}},"1":{"name":"(anonymous_5)","decl":{"start":{"line":5,"column":24},"end":{"line":5,"column":25}},"loc":{"start":{"line":5,"column":57},"end":{"line":25,"column":null}}},"2":{"name":"(anonymous_6)","decl":{"start":{"line":14,"column":21},"end":{"line":14,"column":22}},"loc":{"start":{"line":15,"column":12},"end":{"line":17,"column":null}}}},"branchMap":{"0":{"loc":{"start":{"line":6,"column":2},"end":{"line":8,"column":null}},"type":"if","locations":[{"start":{"line":6,"column":2},"end":{"line":8,"column":null}}]},"1":{"loc":{"start":{"line":12,"column":7},"end":{"line":21,"column":null}},"type":"cond-expr","locations":[{"start":{"line":13,"column":8},"end":{"line":19,"column":null}},{"start":{"line":21,"column":8},"end":{"line":21,"column":null}}]}},"s":{"0":6,"1":1,"2":3,"3":1,"4":2,"5":3},"f":{"0":3,"1":3,"2":3},"b":{"0":[1],"1":[1,1]}}
,"/Users/newin/Desktop/homeCoding/test-code-TIL/practice/src/06/greetByTime.ts": {"path":"/Users/newin/Desktop/homeCoding/test-code-TIL/practice/src/06/greetByTime.ts","statementMap":{"0":{"start":{"line":1,"column":0},"end":{"line":1,"column":7}},"1":{"start":{"line":2,"column":8},"end":{"line":2,"column":null}},"2":{"start":{"line":3,"column":2},"end":{"line":7,"column":null}},"3":{"start":{"line":4,"column":4},"end":{"line":4,"column":null}},"4":{"start":{"line":5,"column":2},"end":{"line":7,"column":null}},"5":{"start":{"line":6,"column":4},"end":{"line":6,"column":null}},"6":{"start":{"line":8,"column":2},"end":{"line":8,"column":null}}},"fnMap":{"0":{"name":"(anonymous_4)","decl":{"start":{"line":1,"column":0},"end":{"line":1,"column":7}},"loc":{"start":{"line":1,"column":0},"end":{"line":1,"column":7}}},"1":{"name":"greetByTime","decl":{"start":{"line":1,"column":16},"end":{"line":1,"column":30}},"loc":{"start":{"line":1,"column":30},"end":{"line":9,"column":null}}}},"branchMap":{"0":{"loc":{"start":{"line":3,"column":2},"end":{"line":7,"column":null}},"type":"if","locations":[{"start":{"line":3,"column":2},"end":{"line":7,"column":null}},{"start":{"line":5,"column":2},"end":{"line":7,"column":null}}]},"1":{"loc":{"start":{"line":5,"column":2},"end":{"line":7,"column":null}},"type":"if","locations":[{"start":{"line":5,"column":2},"end":{"line":7,"column":null}}]}},"s":{"0":6,"1":3,"2":3,"3":0,"4":3,"5":1,"6":2},"f":{"0":3,"1":3},"b":{"0":[0,3],"1":[1]}}
}
