TN:
SF:src/03/02/index.ts
FN:1,(anonymous_4)
FN:1,add
FN:5,sub
FNF:3
FNH:3
FNDA:4,(anonymous_4)
FNDA:2,add
FNDA:2,sub
DA:1,7
DA:2,2
DA:6,2
LF:3
LH:3
BRF:0
BRH:0
end_of_record
TN:
SF:src/03/04/index.ts
FN:1,(anonymous_4)
FN:7,add
FN:15,sub
FNF:3
FNH:3
FNDA:4,(anonymous_4)
FNDA:2,add
FNDA:2,sub
DA:1,7
DA:8,2
DA:9,2
DA:10,1
DA:12,1
DA:16,2
DA:17,2
DA:18,1
DA:20,1
LF:9
LH:9
BRDA:9,0,0,1
BRDA:17,1,0,1
BRF:2
BRH:2
end_of_record
TN:
SF:src/03/05/index.ts
FN:1,(anonymous_4)
FN:42,checkRange
FN:48,add
FN:58,sub
FNF:4
FNH:4
FNDA:12,(anonymous_4)
FNDA:16,checkRange
FNDA:5,add
FNDA:5,sub
DA:1,15
DA:43,16
DA:44,6
DA:49,5
DA:50,3
DA:51,2
DA:52,2
DA:53,1
DA:55,1
DA:59,5
DA:60,3
DA:61,2
DA:62,2
DA:63,1
DA:65,1
LF:15
LH:15
BRDA:43,0,0,6
BRDA:43,1,0,16
BRDA:43,1,1,10
BRDA:52,2,0,1
BRDA:62,3,0,1
BRF:5
BRH:5
end_of_record
TN:
SF:src/03/07/index.ts
FN:1,(anonymous_4)
FN:1,wait
FN:2,(anonymous_7)
FN:3,(anonymous_8)
FN:9,timeout
FN:10,(anonymous_10)
FN:11,(anonymous_11)
FNF:7
FNH:7
FNDA:9,(anonymous_4)
FNDA:5,wait
FNDA:5,(anonymous_7)
FNDA:4,(anonymous_8)
FNDA:4,timeout
FNDA:4,(anonymous_10)
FNDA:4,(anonymous_11)
DA:1,12
DA:2,5
DA:3,5
DA:4,4
DA:10,4
DA:11,4
DA:12,4
LF:7
LH:7
BRF:0
BRH:0
end_of_record
TN:
SF:src/04/02/greet.ts
FN:1,(anonymous_4)
FN:1,greet
FN:5,sayGoodBye
FNF:3
FNH:2
FNDA:5,(anonymous_4)
FNDA:2,greet
FNDA:0,sayGoodBye
DA:1,14
DA:2,2
DA:6,0
LF:3
LH:2
BRF:0
BRH:0
end_of_record
TN:
SF:src/04/03/index.ts
FN:1,(anonymous_4)
FN:47,getGreet
FNF:2
FNH:2
FNDA:4,(anonymous_4)
FNDA:4,getGreet
DA:1,7
DA:49,4
DA:51,2
DA:52,1
DA:54,1
LF:5
LH:5
BRDA:51,0,0,1
BRF:1
BRH:1
end_of_record
TN:
SF:src/04/04/index.ts
FN:1,(anonymous_4)
FN:3,getMyArticleLinksByCategory
FN:7,(anonymous_6)
FN:15,(anonymous_7)
FNF:4
FNH:4
FNDA:3,(anonymous_4)
FNDA:3,getMyArticleLinksByCategory
FNDA:6,(anonymous_6)
FNDA:2,(anonymous_7)
DA:1,6
DA:5,3
DA:7,2
DA:8,6
DA:10,2
DA:12,1
DA:15,2
LF:7
LH:7
BRDA:10,0,0,1
BRF:1
BRH:1
end_of_record
TN:
SF:src/04/05/checkConfig.ts
FN:1,(anonymous_4)
FN:6,checkConfig
FNF:2
FNH:2
FNDA:2,(anonymous_4)
FNDA:2,checkConfig
DA:1,5
DA:7,2
LF:2
LH:2
BRDA:7,0,0,0
BRDA:7,0,1,2
BRF:2
BRH:1
end_of_record
TN:
SF:src/04/05/greet.ts
FN:1,(anonymous_4)
FN:1,greet
FNF:2
FNH:2
FNDA:1,(anonymous_4)
FNDA:1,greet
DA:1,4
DA:2,1
LF:2
LH:2
BRDA:2,0,0,0
BRDA:2,0,1,1
BRF:2
BRH:1
end_of_record
TN:
SF:src/04/06/index.ts
FN:1,(anonymous_4)
FN:3,checkLength
FNF:2
FNH:2
FNDA:3,(anonymous_4)
FNDA:3,checkLength
DA:1,6
DA:4,3
DA:5,1
LF:3
LH:3
BRDA:4,0,0,1
BRF:1
BRH:1
end_of_record
TN:
SF:src/04/07/index.ts
FN:1,(anonymous_4)
FN:1,greetByTime
FNF:2
FNH:2
FNDA:3,(anonymous_4)
FNDA:3,greetByTime
DA:1,6
DA:2,3
DA:3,3
DA:4,1
DA:5,2
DA:6,1
DA:8,1
LF:7
LH:7
BRDA:3,0,0,1
BRDA:3,0,1,2
BRDA:5,1,0,1
BRF:3
BRH:3
end_of_record
TN:
SF:src/04/fetchers/fixtures.ts
FN:1,(anonymous_4)
FNF:1
FNH:1
FNDA:9,(anonymous_4)
DA:1,18
DA:3,3
DA:7,3
DA:33,3
LF:4
LH:4
BRF:0
BRH:0
end_of_record
TN:
SF:src/04/fetchers/index.ts
FN:1,(anonymous_4)
FN:3,handleResponse
FN:11,(anonymous_8)
FN:13,getMyProfile
FN:17,getMyArticles
FN:21,postMyArticle
FNF:6
FNH:1
FNDA:9,(anonymous_4)
FNDA:0,handleResponse
FNDA:0,(anonymous_8)
FNDA:0,getMyProfile
FNDA:0,getMyArticles
FNDA:0,postMyArticle
DA:1,18
DA:4,0
DA:5,0
DA:6,0
DA:8,0
DA:11,3
DA:14,0
DA:18,0
DA:22,0
LF:9
LH:2
BRDA:5,0,0,0
BRF:1
BRH:0
end_of_record
TN:
SF:src/05/03/Form.tsx
FN:1,(anonymous_4)
FN:5,(anonymous_5)
FN:8,(anonymous_6)
FNF:3
FNH:3
FNDA:6,(anonymous_4)
FNDA:6,(anonymous_5)
FNDA:1,(anonymous_6)
DA:1,9
DA:5,1
DA:6,6
DA:9,1
DA:10,1
LF:5
LH:5
BRDA:10,0,0,0
BRDA:10,0,1,1
BRF:2
BRH:1
end_of_record
TN:
SF:src/05/04/ArticleList.tsx
FN:1,(anonymous_4)
FN:7,(anonymous_5)
FN:13,(anonymous_6)
FNF:3
FNH:3
FNDA:5,(anonymous_4)
FNDA:5,(anonymous_5)
FNDA:12,(anonymous_6)
DA:1,8
DA:7,1
DA:8,5
DA:14,12
LF:4
LH:4
BRDA:11,0,0,4
BRDA:11,0,1,1
BRF:2
BRH:2
end_of_record
TN:
SF:src/05/04/ArticleListItem.tsx
FN:1,(anonymous_4)
FN:7,(anonymous_5)
FNF:2
FNH:2
FNDA:14,(anonymous_4)
FNDA:14,(anonymous_5)
DA:1,20
DA:7,2
DA:8,14
LF:3
LH:3
BRF:0
BRH:0
end_of_record
TN:
SF:src/05/04/fixture.ts
FN:1,(anonymous_4)
FNF:1
FNH:1
FNDA:4,(anonymous_4)
DA:1,7
DA:3,1
LF:2
LH:2
BRF:0
BRH:0
end_of_record
TN:
SF:src/05/05/Agreement.tsx
FN:1,(anonymous_4)
FN:19,(anonymous_5)
FNF:2
FNH:2
FNDA:10,(anonymous_4)
FNDA:10,(anonymous_5)
DA:1,16
DA:19,2
DA:20,10
LF:3
LH:3
BRF:0
BRH:0
end_of_record
TN:
SF:src/05/05/Form.tsx
FN:1,(anonymous_4)
FN:5,(anonymous_5)
FN:13,(anonymous_6)
FNF:3
FNH:3
FNDA:5,(anonymous_4)
FNDA:6,(anonymous_5)
FNDA:1,(anonymous_6)
DA:1,8
DA:2,1
DA:3,1
DA:5,1
DA:6,6
DA:7,6
DA:8,6
DA:14,1
LF:8
LH:8
BRF:0
BRH:0
end_of_record
TN:
SF:src/05/05/InputAccount.tsx
FN:1,(anonymous_4)
FN:1,(anonymous_5)
FNF:2
FNH:2
FNDA:11,(anonymous_4)
FNDA:11,(anonymous_5)
DA:1,17
DA:2,11
LF:2
LH:2
BRF:0
BRH:0
end_of_record
TN:
SF:src/05/06/ContactNumber.tsx
FN:1,(anonymous_4)
FN:1,(anonymous_5)
FNF:2
FNH:2
FNDA:21,(anonymous_4)
FNDA:21,(anonymous_5)
DA:1,30
DA:2,21
LF:2
LH:2
BRF:0
BRH:0
end_of_record
TN:
SF:src/05/06/DeliveryAddress.tsx
FN:1,(anonymous_4)
FN:1,(anonymous_5)
FNF:2
FNH:2
FNDA:19,(anonymous_4)
FNDA:19,(anonymous_5)
DA:1,28
DA:2,19
LF:2
LH:2
BRDA:1,0,0,17
BRF:1
BRH:1
end_of_record
TN:
SF:src/05/06/Form.tsx
FN:1,(anonymous_4)
FN:12,(anonymous_5)
FNF:2
FNH:2
FNDA:16,(anonymous_4)
FNDA:18,(anonymous_5)
DA:1,22
DA:2,2
DA:3,2
DA:4,2
DA:5,2
DA:12,2
DA:13,18
DA:16,18
LF:8
LH:8
BRDA:19,0,0,6
BRDA:19,0,1,12
BRDA:19,1,0,12
BRDA:19,1,1,6
BRDA:23,2,0,1
BRDA:23,2,1,5
BRF:6
BRH:6
end_of_record
TN:
SF:src/05/06/PastDeliveryAddress.tsx
FN:1,(anonymous_4)
FN:3,(anonymous_5)
FN:14,(anonymous_6)
FNF:3
FNH:3
FNDA:6,(anonymous_4)
FNDA:6,(anonymous_5)
FNDA:6,(anonymous_6)
DA:1,15
DA:3,3
DA:10,6
DA:15,6
LF:4
LH:4
BRDA:11,0,0,5
BRDA:11,0,1,1
BRF:2
BRH:2
end_of_record
TN:
SF:src/05/06/RegisterDeliveryAddress.tsx
FN:1,(anonymous_4)
FN:3,(anonymous_5)
FN:12,(anonymous_6)
FN:23,(anonymous_7)
FNF:4
FNH:4
FNDA:7,(anonymous_4)
FNDA:7,(anonymous_5)
FNDA:2,(anonymous_6)
FNDA:2,(anonymous_7)
DA:1,16
DA:3,3
DA:4,7
DA:13,2
DA:24,2
LF:5
LH:5
BRF:0
BRH:0
end_of_record
TN:
SF:src/05/06/fixtures.ts
FN:1,(anonymous_4)
FNF:1
FNH:1
FNDA:4,(anonymous_4)
DA:1,7
LF:1
LH:1
BRF:0
BRH:0
end_of_record
TN:
SF:src/05/07/RegisterAddress.tsx
FN:1,(anonymous_4)
FN:23,(anonymous_5)
FN:28,(anonymous_6)
FN:32,(anonymous_7)
FN:35,(anonymous_8)
FNF:5
FNH:5
FNDA:5,(anonymous_4)
FNDA:9,(anonymous_5)
FNDA:4,(anonymous_6)
FNDA:1,(anonymous_7)
FNDA:1,(anonymous_8)
DA:1,8
DA:2,1
DA:3,1
DA:4,1
DA:5,1
DA:23,1
DA:24,9
DA:25,9
DA:29,4
DA:30,4
DA:31,3
DA:33,1
DA:36,1
DA:39,2
DA:40,1
DA:41,1
DA:43,1
LF:17
LH:17
BRDA:39,0,0,1
BRDA:47,1,0,9
BRDA:47,1,1,4
BRF:3
BRH:3
end_of_record
TN:
SF:src/05/07/handleSubmit.ts
FN:1,(anonymous_4)
FN:1,handleSubmit
FN:2,(anonymous_6)
FN:6,(anonymous_7)
FNF:4
FNH:4
FNDA:9,(anonymous_4)
FNDA:9,handleSubmit
FNDA:4,(anonymous_6)
FNDA:24,(anonymous_7)
DA:1,12
DA:2,9
DA:3,4
DA:4,4
DA:5,4
DA:6,24
DA:7,4
LF:7
LH:7
BRF:0
BRH:0
end_of_record
TN:
SF:src/05/07/testingUtils.ts
FN:1,(anonymous_5)
FN:6,getGroupByName
FN:10,inputContactNumber
FN:27,inputDeliveryAddress
FN:54,clickSubmit
FNF:5
FNH:4
FNDA:12,(anonymous_5)
FNDA:0,getGroupByName
FNDA:4,inputContactNumber
FNDA:4,inputDeliveryAddress
FNDA:4,clickSubmit
DA:1,15
DA:2,1
DA:4,1
DA:7,0
DA:16,4
DA:20,4
DA:24,4
DA:35,4
DA:39,4
DA:43,4
DA:47,4
DA:51,4
DA:55,4
LF:13
LH:12
BRDA:11,0,0,3
BRDA:28,1,0,4
BRF:2
BRH:2
end_of_record
TN:
SF:src/05/07/validations.ts
FN:1,(anonymous_4)
FN:3,checkPhoneNumber
FNF:2
FNH:2
FNDA:6,(anonymous_4)
FNDA:4,checkPhoneNumber
DA:1,9
DA:4,4
DA:5,1
LF:3
LH:3
BRDA:4,0,0,1
BRF:1
BRH:1
end_of_record
TN:
SF:src/05/07/fetchers/fixtures.ts
FN:1,(anonymous_4)
FNF:1
FNH:1
FNDA:3,(anonymous_4)
DA:1,6
DA:3,1
DA:7,1
LF:3
LH:3
BRF:0
BRH:0
end_of_record
TN:
SF:src/05/07/fetchers/index.ts
FN:1,(anonymous_4)
FN:3,handleResponse
FN:11,(anonymous_6)
FN:18,postMyAddress
FNF:4
FNH:1
FNDA:1,(anonymous_4)
FNDA:0,handleResponse
FNDA:0,(anonymous_6)
FNDA:0,postMyAddress
DA:1,4
DA:4,0
DA:5,0
DA:6,0
DA:8,0
DA:11,1
DA:13,1
DA:19,0
LF:8
LH:3
BRDA:5,0,0,0
BRF:1
BRH:0
end_of_record
TN:
SF:src/05/07/fetchers/mock.ts
FN:1,(anonymous_5)
FN:4,mockPostMyAddress
FNF:2
FNH:2
FNDA:3,(anonymous_5)
FNDA:3,mockPostMyAddress
DA:1,6
DA:2,1
DA:5,3
DA:6,1
DA:10,2
LF:5
LH:5
BRDA:4,0,0,2
BRDA:5,1,0,1
BRF:2
BRH:2
end_of_record
TN:
SF:src/06/Articles.tsx
FN:1,(anonymous_4)
FN:5,(anonymous_5)
FN:14,(anonymous_6)
FNF:3
FNH:3
FNDA:3,(anonymous_4)
FNDA:3,(anonymous_5)
FNDA:3,(anonymous_6)
DA:1,6
DA:5,1
DA:6,3
DA:7,1
DA:9,2
DA:15,3
LF:6
LH:6
BRDA:6,0,0,1
BRDA:12,1,0,1
BRDA:12,1,1,1
BRF:3
BRH:3
end_of_record
TN:
SF:src/06/greetByTime.ts
FN:1,(anonymous_4)
FN:1,greetByTime
FNF:2
FNH:2
FNDA:3,(anonymous_4)
FNDA:3,greetByTime
DA:1,6
DA:2,3
DA:3,3
DA:4,0
DA:5,3
DA:6,1
DA:8,2
LF:7
LH:6
BRDA:3,0,0,0
BRDA:3,0,1,3
BRDA:5,1,0,1
BRF:3
BRH:2
end_of_record
